# JRE version: OpenJDK Runtime Environment (19.0.1+10) (build 19.0.1+10-21)
# Java VM: OpenJDK 64-Bit Server VM (19.0.1+10-21, mixed mode, sharing, tiered, compressed oops, compressed class ptrs, g1 gc, windows-amd64)
GC Precious Log:
 CardTable entry size: 512
 Card Set container configuration: InlinePtr #cards 5 size 8 Array Of Cards #cards 12 size 40 Howl #buckets 4 coarsen threshold 1843 Howl Bitmap #cards 512 size 80 coarsen threshold 460 Card regions per heap region 1 cards per card region 2048
 CPUs: 2 total, 2 available
 Memory: 3964M
 Large Page Support: Disabled
 NUMA Support: Disabled
 Compressed Oops: Enabled (32-bit)
 Heap Region Size: 1M
 Heap Min Capacity: 8M
 Heap Initial Capacity: 62M
 Heap Max Capacity: 992M
 Pre-touch: Disabled
 Parallel Workers: 2
 Concurrent Workers: 1
 Concurrent Refinement Workers: 2
 Periodic GC: Disabled
Heap:
 garbage-first heap   total 135168K, used 119026K [0x00000000c2000000, 0x0000000100000000)
  region size 1024K, 2 young (2048K), 1 survivors (1024K)
 Metaspace       used 32197K, committed 32576K, reserved 1114112K
  class space    used 3594K, committed 3776K, reserved 1048576K
GC Heap History (20 events):
Event: 114.335 GC heap before
{Heap before GC invocations=6 (full 0):
 garbage-first heap   total 40960K, used 29465K [0x00000000c2000000, 0x0000000100000000)
  region size 1024K, 24 young (24576K), 5 survivors (5120K)
 Metaspace       used 27991K, committed 28288K, reserved 1114112K
  class space    used 3202K, committed 3328K, reserved 1048576K
}
Event: 114.353 GC heap after
{Heap after GC invocations=7 (full 0):
 garbage-first heap   total 40960K, used 15129K [0x00000000c2000000, 0x0000000100000000)
  region size 1024K, 3 young (3072K), 3 survivors (3072K)
 Metaspace       used 27991K, committed 28288K, reserved 1114112K
  class space    used 3202K, committed 3328K, reserved 1048576K
}
Event: 114.567 GC heap before
{Heap before GC invocations=7 (full 0):
 garbage-first heap   total 40960K, used 16153K [0x00000000c2000000, 0x0000000100000000)
  region size 1024K, 4 young (4096K), 3 survivors (3072K)
 Metaspace       used 28171K, committed 28544K, reserved 1114112K
  class space    used 3220K, committed 3392K, reserved 1048576K
}
Event: 114.573 GC heap after
{Heap after GC invocations=8 (full 0):
 garbage-first heap   total 40960K, used 15407K [0x00000000c2000000, 0x0000000100000000)
  region size 1024K, 1 young (1024K), 1 survivors (1024K)
 Metaspace       used 28171K, committed 28544K, reserved 1114112K
  class space    used 3220K, committed 3392K, reserved 1048576K
}
Event: 115.997 GC heap before
{Heap before GC invocations=8 (full 0):
 garbage-first heap   total 40960K, used 19503K [0x00000000c2000000, 0x0000000100000000)
  region size 1024K, 6 young (6144K), 1 survivors (1024K)
 Metaspace       used 30028K, committed 30336K, reserved 1114112K
  class space    used 3428K, committed 3584K, reserved 1048576K
}
Event: 116.002 GC heap after
{Heap after GC invocations=9 (full 0):
 garbage-first heap   total 40960K, used 15743K [0x00000000c2000000, 0x0000000100000000)
  region size 1024K, 1 young (1024K), 1 survivors (1024K)
 Metaspace       used 30028K, committed 30336K, reserved 1114112K
  class space    used 3428K, committed 3584K, reserved 1048576K
}
Event: 116.908 GC heap before
{Heap before GC invocations=9 (full 0):
 garbage-first heap   total 40960K, used 28031K [0x00000000c2000000, 0x0000000100000000)
  region size 1024K, 9 young (9216K), 1 survivors (1024K)
 Metaspace       used 30381K, committed 30784K, reserved 1114112K
  class space    used 3452K, committed 3648K, reserved 1048576K
}
Event: 116.911 GC heap after
{Heap after GC invocations=10 (full 0):
 garbage-first heap   total 40960K, used 21870K [0x00000000c2000000, 0x0000000100000000)
  region size 1024K, 1 young (1024K), 1 survivors (1024K)
 Metaspace       used 30381K, committed 30784K, reserved 1114112K
  class space    used 3452K, committed 3648K, reserved 1048576K
}
Event: 117.198 GC heap before
{Heap before GC invocations=11 (full 0):
 garbage-first heap   total 83968K, used 56686K [0x00000000c2000000, 0x0000000100000000)
  region size 1024K, 10 young (10240K), 1 survivors (1024K)
 Metaspace       used 31858K, committed 32256K, reserved 1114112K
  class space    used 3576K, committed 3776K, reserved 1048576K
}
Event: 117.201 GC heap after
{Heap after GC invocations=12 (full 0):
 garbage-first heap   total 83968K, used 48615K [0x00000000c2000000, 0x0000000100000000)
  region size 1024K, 1 young (1024K), 1 survivors (1024K)
 Metaspace       used 31858K, committed 32256K, reserved 1114112K
  class space    used 3576K, committed 3776K, reserved 1048576K
}
Event: 117.213 GC heap before
{Heap before GC invocations=12 (full 0):
 garbage-first heap   total 83968K, used 50663K [0x00000000c2000000, 0x0000000100000000)
  region size 1024K, 4 young (4096K), 1 survivors (1024K)
 Metaspace       used 31861K, committed 32256K, reserved 1114112K
  class space    used 3576K, committed 3776K, reserved 1048576K
}
Event: 117.216 GC heap after
{Heap after GC invocations=13 (full 0):
 garbage-first heap   total 83968K, used 48351K [0x00000000c2000000, 0x0000000100000000)
  region size 1024K, 1 young (1024K), 1 survivors (1024K)
 Metaspace       used 31861K, committed 32256K, reserved 1114112K
  class space    used 3576K, committed 3776K, reserved 1048576K
}
Event: 117.289 GC heap before
{Heap before GC invocations=13 (full 0):
 garbage-first heap   total 83968K, used 65759K [0x00000000c2000000, 0x0000000100000000)
  region size 1024K, 19 young (19456K), 1 survivors (1024K)
 Metaspace       used 31864K, committed 32256K, reserved 1114112K
  class space    used 3576K, committed 3776K, reserved 1048576K
}
Event: 117.290 GC heap after
{Heap after GC invocations=14 (full 0):
 garbage-first heap   total 83968K, used 48255K [0x00000000c2000000, 0x0000000100000000)
  region size 1024K, 1 young (1024K), 1 survivors (1024K)
 Metaspace       used 31864K, committed 32256K, reserved 1114112K
  class space    used 3576K, committed 3776K, reserved 1048576K
}
Event: 117.374 GC heap before
{Heap before GC invocations=15 (full 0):
 garbage-first heap   total 96256K, used 66687K [0x00000000c2000000, 0x0000000100000000)
  region size 1024K, 20 young (20480K), 1 survivors (1024K)
 Metaspace       used 31864K, committed 32256K, reserved 1114112K
  class space    used 3576K, committed 3776K, reserved 1048576K
}
Event: 117.375 GC heap after
{Heap after GC invocations=16 (full 0):
 garbage-first heap   total 96256K, used 48272K [0x00000000c2000000, 0x0000000100000000)
  region size 1024K, 1 young (1024K), 1 survivors (1024K)
 Metaspace       used 31864K, committed 32256K, reserved 1114112K
  class space    used 3576K, committed 3776K, reserved 1048576K
}
Event: 117.387 GC heap before
{Heap before GC invocations=16 (full 0):
 garbage-first heap   total 96256K, used 50320K [0x00000000c2000000, 0x0000000100000000)
  region size 1024K, 4 young (4096K), 1 survivors (1024K)
 Metaspace       used 31864K, committed 32256K, reserved 1114112K
  class space    used 3576K, committed 3776K, reserved 1048576K
}
Event: 117.389 GC heap after
{Heap after GC invocations=17 (full 0):
 garbage-first heap   total 96256K, used 47807K [0x00000000c2000000, 0x0000000100000000)
  region size 1024K, 1 young (1024K), 1 survivors (1024K)
 Metaspace       used 31864K, committed 32256K, reserved 1114112K
  class space    used 3576K, committed 3776K, reserved 1048576K
}
Event: 385.429 GC heap before
{Heap before GC invocations=17 (full 0):
 garbage-first heap   total 96256K, used 76479K [0x00000000c2000000, 0x0000000100000000)
  region size 1024K, 31 young (31744K), 1 survivors (1024K)
 Metaspace       used 32195K, committed 32576K, reserved 1114112K
  class space    used 3594K, committed 3776K, reserved 1048576K
}
Event: 385.434 GC heap after
{Heap after GC invocations=18 (full 0):
 garbage-first heap   total 96256K, used 48370K [0x00000000c2000000, 0x0000000100000000)
  region size 1024K, 1 young (1024K), 1 survivors (1024K)
 Metaspace       used 32195K, committed 32576K, reserved 1114112K
  class space    used 3594K, committed 3776K, reserved 1048576K
}

